<?xml version="1.0" encoding="UTF-8"?>
<!-- Generated by org.testng.reporters.JUnitReportReporter -->
<testsuite hostname="DESKTOP-JCSSE19" failures="0" tests="2" name="Tests.HomePage" time="20.003" errors="0" timestamp="13 Feb 2021 21:24:37 GMT">
  <testcase classname="Tests.HomePage" name="basePageNavigation" time="10.464"/>
  <testcase classname="Tests.HomePage" name="basePageNavigation" time="9.539"/>
</testsuite> <!-- Tests.HomePage -->
