<?xml version="1.0" encoding="UTF-8"?>
<!-- Generated by org.testng.reporters.JUnitReportReporter -->
<testsuite hostname="DESKTOP-JCSSE19" failures="0" tests="2" name="Tests.HomePage" time="23.441" errors="0" timestamp="15 Feb 2021 20:14:44 GMT">
  <testcase classname="Tests.HomePage" name="basePageNavigation" time="11.526"/>
  <testcase classname="Tests.HomePage" name="basePageNavigation" time="11.915"/>
</testsuite> <!-- Tests.HomePage -->
