<?xml version="1.0" encoding="UTF-8"?>
<!-- Generated by org.testng.reporters.JUnitReportReporter -->
<testsuite hostname="DESKTOP-JCSSE19" failures="0" tests="1" name="Tests.ValidateHomePageTexts" time="5.654" errors="0" timestamp="14 Feb 2021 18:32:12 GMT">
  <testcase classname="Tests.ValidateHomePageTexts" name="textValidation" time="5.654"/>
</testsuite> <!-- Tests.ValidateHomePageTexts -->
