<?xml version="1.0" encoding="UTF-8"?>
<!-- Generated by org.testng.reporters.JUnitReportReporter -->
<testsuite hostname="DESKTOP-JCSSE19" failures="0" tests="1" name="Tests.LoginTest" time="12.437" errors="0" timestamp="15 Feb 2021 20:14:44 GMT">
  <testcase classname="Tests.LoginTest" name="loginTest" time="12.437"/>
</testsuite> <!-- Tests.LoginTest -->
