<?xml version="1.0" encoding="UTF-8"?>
<!-- Generated by org.testng.reporters.JUnitReportReporter -->
<testsuite hostname="DESKTOP-JCSSE19" failures="0" tests="1" name="Tests.LoginTest" time="18.813" errors="0" timestamp="14 Feb 2021 15:01:56 GMT">
  <testcase classname="Tests.LoginTest" name="loginTest" time="18.813"/>
</testsuite> <!-- Tests.LoginTest -->
