<?xml version="1.0" encoding="UTF-8"?>
<!-- Generated by org.testng.reporters.JUnitReportReporter -->
<testsuite hostname="DESKTOP-JCSSE19" failures="0" tests="1" name="Tests.LoginTest" time="15.112" errors="0" timestamp="15 Feb 2021 19:57:39 GMT">
  <testcase classname="Tests.LoginTest" name="loginTest" time="15.112"/>
</testsuite> <!-- Tests.LoginTest -->
