<?xml version="1.0" encoding="UTF-8"?>
<!-- Generated by org.testng.reporters.JUnitReportReporter -->
<testsuite hostname="DESKTOP-JCSSE19" failures="0" tests="2" name="Tests.HomePage" time="21.030" errors="0" timestamp="15 Feb 2021 19:57:39 GMT">
  <testcase classname="Tests.HomePage" name="basePageNavigation" time="10.041"/>
  <testcase classname="Tests.HomePage" name="basePageNavigation" time="10.989"/>
</testsuite> <!-- Tests.HomePage -->
