<?xml version="1.0" encoding="UTF-8"?>
<!-- Generated by org.testng.reporters.JUnitReportReporter -->
<testsuite hostname="DESKTOP-JCSSE19" failures="0" tests="1" name="Tests.ValidateHomePageTexts" time="6.243" errors="0" timestamp="15 Feb 2021 19:57:39 GMT">
  <testcase classname="Tests.ValidateHomePageTexts" name="textValidation" time="6.243"/>
</testsuite> <!-- Tests.ValidateHomePageTexts -->
