<?xml version="1.0" encoding="UTF-8"?>
<!-- Generated by org.testng.reporters.JUnitReportReporter -->
<testsuite hostname="DESKTOP-JCSSE19" failures="0" tests="2" name="Tests.HomePage" time="28.700" errors="0" timestamp="14 Feb 2021 15:01:56 GMT">
  <testcase classname="Tests.HomePage" name="basePageNavigation" time="18.473"/>
  <testcase classname="Tests.HomePage" name="basePageNavigation" time="10.227"/>
</testsuite> <!-- Tests.HomePage -->
