<?xml version="1.0" encoding="UTF-8"?>
<!-- Generated by org.testng.reporters.JUnitReportReporter -->
<testsuite hostname="DESKTOP-JCSSE19" failures="0" tests="1" name="Tests.ValidateHomePageTexts" time="3.927" errors="0" timestamp="13 Feb 2021 21:32:30 GMT">
  <testcase classname="Tests.ValidateHomePageTexts" name="textValidation" time="3.927"/>
</testsuite> <!-- Tests.ValidateHomePageTexts -->
