<?xml version="1.0" encoding="UTF-8"?>
<!-- Generated by org.testng.reporters.JUnitReportReporter -->
<testsuite hostname="DESKTOP-JCSSE19" failures="0" tests="1" name="Tests.ValidateHomePageTexts" time="9.427" errors="0" timestamp="14 Feb 2021 21:08:02 GMT">
  <testcase classname="Tests.ValidateHomePageTexts" name="textValidation" time="9.427"/>
</testsuite> <!-- Tests.ValidateHomePageTexts -->
