<?xml version="1.0" encoding="UTF-8"?>
<!-- Generated by org.testng.reporters.JUnitReportReporter -->
<testsuite hostname="DESKTOP-JCSSE19" failures="0" tests="2" name="Tests.HomePage" time="19.752" errors="0" timestamp="13 Feb 2021 21:32:30 GMT">
  <testcase classname="Tests.HomePage" name="basePageNavigation" time="9.028"/>
  <testcase classname="Tests.HomePage" name="basePageNavigation" time="10.724"/>
</testsuite> <!-- Tests.HomePage -->
