<?xml version="1.0" encoding="UTF-8"?>
<!-- Generated by org.testng.reporters.JUnitReportReporter -->
<testsuite hostname="DESKTOP-JCSSE19" failures="0" tests="2" name="Tests.HomePage" time="29.342" errors="0" timestamp="14 Feb 2021 21:08:02 GMT">
  <testcase classname="Tests.HomePage" name="basePageNavigation" time="15.905"/>
  <testcase classname="Tests.HomePage" name="basePageNavigation" time="13.437"/>
</testsuite> <!-- Tests.HomePage -->
